android/Anyplace/proguard/seeds.txt
com.dmsl.anyplace.AnyplaceAboutActivity
com.dmsl.anyplace.AnyplaceAboutActivity: AnyplaceAboutActivity()
com.dmsl.anyplace.AnyplacePrefs
com.dmsl.anyplace.AnyplacePrefs: AnyplacePrefs()
com.dmsl.anyplace.MyApplication
com.dmsl.anyplace.MyApplication: MyApplication()
com.dmsl.anyplace.SearchPOIActivity
com.dmsl.anyplace.SearchPOIActivity: SearchPOIActivity()
com.dmsl.anyplace.SelectBuildingActivity
com.dmsl.anyplace.SelectBuildingActivity: SelectBuildingActivity()
com.dmsl.anyplace.StartActivity
com.dmsl.anyplace.StartActivity: StartActivity()
com.dmsl.anyplace.UnifiedNavigationActivity
com.dmsl.anyplace.UnifiedNavigationActivity: UnifiedNavigationActivity()
com.dmsl.anyplace.UnifiedNavigationActivity: void onClearMap(android.view.View)
com.dmsl.anyplace.airplacersslogger.AndroidFileBrowser_AnyplaceLogger
com.dmsl.anyplace.airplacersslogger.AndroidFileBrowser_AnyplaceLogger: AndroidFileBrowser_AnyplaceLogger()
com.dmsl.anyplace.airplacersslogger.AndroidFileBrowser_AnyplaceLogger: void onClick(android.view.View)
com.dmsl.anyplace.airplacersslogger.AndroidFileBrowser_AnyplaceLogger$DISPLAYMODE: com.dmsl.anyplace.airplacersslogger.AndroidFileBrowser_AnyplaceLogger$DISPLAYMODE[] values()
com.dmsl.anyplace.airplacersslogger.AndroidFileBrowser_AnyplaceLogger$DISPLAYMODE: com.dmsl.anyplace.airplacersslogger.AndroidFileBrowser_AnyplaceLogger$DISPLAYMODE valueOf(java.lang.String)
com.dmsl.anyplace.airplacersslogger.AndroidFileBrowser_Tracker
com.dmsl.anyplace.airplacersslogger.AndroidFileBrowser_Tracker: void onClick(android.view.View)
com.dmsl.anyplace.airplacersslogger.AndroidFileBrowser_Tracker$DISPLAYMODE: com.dmsl.anyplace.airplacersslogger.AndroidFileBrowser_Tracker$DISPLAYMODE[] values()
com.dmsl.anyplace.airplacersslogger.AndroidFileBrowser_Tracker$DISPLAYMODE: com.dmsl.anyplace.airplacersslogger.AndroidFileBrowser_Tracker$DISPLAYMODE valueOf(java.lang.String)
com.dmsl.anyplace.airplacersslogger.IconifiedTextView
com.dmsl.anyplace.airplacersslogger.IconifiedTextView: void setText(java.lang.String)
com.dmsl.anyplace.airplacersslogger.IconifiedTextView: void setIcon(android.graphics.drawable.Drawable)
com.dmsl.anyplace.floor.FloorSelector$SimpleWifiReceiver
com.dmsl.anyplace.logger.AnyplaceLoggerActivity
com.dmsl.anyplace.logger.AnyplaceLoggerActivity: AnyplaceLoggerActivity()
com.dmsl.anyplace.logger.AnyplaceLoggerActivity: void onClearMap(android.view.View)
com.dmsl.anyplace.logger.LoggerPrefs
com.dmsl.anyplace.logger.LoggerPrefs: LoggerPrefs()
com.dmsl.anyplace.logger.LoggerWiFi$Function: com.dmsl.anyplace.logger.LoggerWiFi$Function[] values()
com.dmsl.anyplace.logger.LoggerWiFi$Function: com.dmsl.anyplace.logger.LoggerWiFi$Function valueOf(java.lang.String)
com.dmsl.anyplace.nav.AnyPlaceSeachingHelper$SearchTypes: com.dmsl.anyplace.nav.AnyPlaceSeachingHelper$SearchTypes[] values()
com.dmsl.anyplace.nav.AnyPlaceSeachingHelper$SearchTypes: com.dmsl.anyplace.nav.AnyPlaceSeachingHelper$SearchTypes valueOf(java.lang.String)
com.dmsl.anyplace.nav.IAnyPlace$Type: com.dmsl.anyplace.nav.IAnyPlace$Type[] values()
com.dmsl.anyplace.nav.IAnyPlace$Type: com.dmsl.anyplace.nav.IAnyPlace$Type valueOf(java.lang.String)
com.dmsl.anyplace.provider.AnyplacePOIProvider
com.dmsl.anyplace.provider.AnyplacePOIProvider: AnyplacePOIProvider()
com.dmsl.anyplace.provider.AnyplaceSuggestionsEnum: com.dmsl.anyplace.provider.AnyplaceSuggestionsEnum[] values()
com.dmsl.anyplace.provider.AnyplaceSuggestionsEnum: com.dmsl.anyplace.provider.AnyplaceSuggestionsEnum valueOf(java.lang.String)
com.dmsl.anyplace.tracker.ActivityRecognition$ActivityState: com.dmsl.anyplace.tracker.ActivityRecognition$ActivityState[] values()
com.dmsl.anyplace.tracker.ActivityRecognition$ActivityState: com.dmsl.anyplace.tracker.ActivityRecognition$ActivityState valueOf(java.lang.String)
com.dmsl.anyplace.tracker.AnyplaceTracker$SimpleWifiReceiver
com.dmsl.anyplace.tracker.GPSTracker
...
com.google.android.gms.tagmanager.cd$a: com.google.android.gms.tagmanager.cd$a[] values()
com.google.android.gms.tagmanager.cd$a: com.google.android.gms.tagmanager.cd$a valueOf(java.lang.String)
com.google.android.gms.wallet.EnableWalletOptimizationReceiver
com.google.android.gms.wearable.WearableListenerService
com.google.api.client.googleapis.media.MediaHttpDownloader$DownloadState: com.google.api.client.googleapis.media.MediaHttpDownloader$DownloadState[] values()
com.google.api.client.googleapis.media.MediaHttpDownloader$DownloadState: com.google.api.client.googleapis.media.MediaHttpDownloader$DownloadState valueOf(java.lang.String)
com.google.api.client.googleapis.media.MediaHttpUploader$UploadState: com.google.api.client.googleapis.media.MediaHttpUploader$UploadState[] values()
com.google.api.client.googleapis.media.MediaHttpUploader$UploadState: com.google.api.client.googleapis.media.MediaHttpUploader$UploadState valueOf(java.lang.String)
com.google.api.client.http.UriTemplate$CompositeOutput: com.google.api.client.http.UriTemplate$CompositeOutput[] values()
com.google.api.client.http.UriTemplate$CompositeOutput: com.google.api.client.http.UriTemplate$CompositeOutput valueOf(java.lang.String)
com.google.api.client.json.JsonToken: com.google.api.client.json.JsonToken[] values()
com.google.api.client.json.JsonToken: com.google.api.client.json.JsonToken valueOf(java.lang.String)
com.google.api.client.util.GenericData$Flags: com.google.api.client.util.GenericData$Flags[] values()
com.google.api.client.util.GenericData$Flags: com.google.api.client.util.GenericData$Flags valueOf(java.lang.String)
com.google.common.base.AbstractIterator$State: com.google.common.base.AbstractIterator$State[] values()
com.google.common.base.AbstractIterator$State: com.google.common.base.AbstractIterator$State valueOf(java.lang.String)
com.google.common.base.CaseFormat: com.google.common.base.CaseFormat[] values()
com.google.common.base.CaseFormat: com.google.common.base.CaseFormat valueOf(java.lang.String)
com.google.common.base.FinalizableReference: void finalizeReferent()
com.google.common.base.Functions$IdentityFunction: com.google.common.base.Functions$IdentityFunction[] values()
com.google.common.base.Functions$IdentityFunction: com.google.common.base.Functions$IdentityFunction valueOf(java.lang.String)
com.google.common.base.Functions$ToStringFunction: com.google.common.base.Functions$ToStringFunction[] values()
com.google.common.base.Functions$ToStringFunction: com.google.common.base.Functions$ToStringFunction valueOf(java.lang.String)
com.google.common.base.Predicates$ObjectPredicate: com.google.common.base.Predicates$ObjectPredicate[] values()
com.google.common.base.Predicates$ObjectPredicate: com.google.common.base.Predicates$ObjectPredicate valueOf(java.lang.String)
com.google.common.base.StandardSystemProperty: com.google.common.base.StandardSystemProperty[] values()
com.google.common.base.StandardSystemProperty: com.google.common.base.StandardSystemProperty valueOf(java.lang.String)
com.google.common.base.Suppliers$SupplierFunction: com.google.common.base.Suppliers$SupplierFunction[] values()
com.google.common.base.Suppliers$SupplierFunction: com.google.common.base.Suppliers$SupplierFunction valueOf(java.lang.String)
com.google.common.base.internal.Finalizer
com.google.common.base.internal.Finalizer: void startFinalizer(java.lang.Class,java.lang.ref.ReferenceQueue,java.lang.ref.PhantomReference)
com.google.common.cache.CacheBuilder$NullListener: com.google.common.cache.CacheBuilder$NullListener[] values()
com.google.common.cache.CacheBuilder$NullListener: com.google.common.cache.CacheBuilder$NullListener valueOf(java.lang.String)
com.google.common.cache.CacheBuilder$OneWeigher: com.google.common.cache.CacheBuilder$OneWeigher[] values()
com.google.common.cache.CacheBuilder$OneWeigher: com.google.common.cache.CacheBuilder$OneWeigher valueOf(java.lang.String)