android/Anyplace/proguard/mapping.txt
com.dmsl.anyplace.AnyplaceAPI -> com.dmsl.anyplace.a:
    java.lang.Boolean DEBUG -> a
    java.lang.Boolean PLAY_STORE -> b
    java.lang.String server -> c
    java.lang.String myServerTesting -> d
    java.lang.String getRadioDownloadFloorUrl() -> a
    java.lang.String getRadioUploadUrl() -> b
    java.lang.String getNavRouteXYUrl() -> c
    java.lang.String getFetchBuildingsUrl() -> d
    java.lang.String getFetchBuildingsCoordinatesUrl() -> e
    java.lang.String getFetchFloorsByBuidUrl() -> f
    java.lang.String getServeFloorTilesZipUrl(java.lang.String,java.lang.String) -> a
    java.lang.String getFetchPoisByBuidFloorUrl() -> g
    java.lang.String getFetchPoisByPuidUrl() -> h
com.dmsl.anyplace.AnyplaceAboutActivity -> com.dmsl.anyplace.AnyplaceAboutActivity:
    void onCreate(android.os.Bundle) -> onCreate
com.dmsl.anyplace.AnyplaceAboutActivity$1 -> com.dmsl.anyplace.b:
    com.dmsl.anyplace.AnyplaceAboutActivity this$0 -> a
    void onClick(android.view.View) -> onClick
com.dmsl.anyplace.AnyplaceAboutActivity$2 -> com.dmsl.anyplace.c:
    com.dmsl.anyplace.AnyplaceAboutActivity this$0 -> a
    void onClick(android.view.View) -> onClick
com.dmsl.anyplace.AnyplaceAboutActivity$3 -> com.dmsl.anyplace.d:
    com.dmsl.anyplace.AnyplaceAboutActivity this$0 -> a
    void onClick(android.view.View) -> onClick
com.dmsl.anyplace.AnyplaceAboutActivity$4 -> com.dmsl.anyplace.e:
    com.dmsl.anyplace.AnyplaceAboutActivity this$0 -> a
    void onClick(android.view.View) -> onClick
com.dmsl.anyplace.AnyplacePrefs -> com.dmsl.anyplace.AnyplacePrefs:
    void onCreate(android.os.Bundle) -> onCreate
    void onActivityResult(int,int,android.content.Intent) -> onActivityResult
    void onResume() -> onResume
    void onDestroy() -> onDestroy
    void onPause() -> onPause
    void onSharedPreferenceChanged(android.content.SharedPreferences,java.lang.String) -> onSharedPreferenceChanged
com.dmsl.anyplace.AnyplacePrefs$1 -> com.dmsl.anyplace.f:
    com.dmsl.anyplace.AnyplacePrefs this$0 -> a
    boolean onPreferenceClick(android.preference.Preference) -> onPreferenceClick
com.dmsl.anyplace.AnyplacePrefs$2 -> com.dmsl.anyplace.g:
    com.dmsl.anyplace.AnyplacePrefs this$0 -> a
    boolean onPreferenceClick(android.preference.Preference) -> onPreferenceClick
com.dmsl.anyplace.AnyplacePrefs$3 -> com.dmsl.anyplace.h:
    com.dmsl.anyplace.AnyplacePrefs this$0 -> a
    boolean onPreferenceClick(android.preference.Preference) -> onPreferenceClick
com.dmsl.anyplace.AnyplacePrefs$DeleteFolderBackgroundTask -> com.dmsl.anyplace.i:
    android.app.ProgressDialog dialog -> b
    com.dmsl.anyplace.AnyplacePrefs this$0 -> a
    void onPreExecute() -> onPreExecute
    void deleteDirRecursively(java.io.File) -> a
    void onPostExecute(java.lang.Object) -> onPostExecute
    java.lang.Object doInBackground(java.lang.Object[]) -> doInBackground
com.dmsl.anyplace.MyApplication -> com.dmsl.anyplace.MyApplication:
    android.content.Context context -> a
    void onCreate() -> onCreate
    android.content.Context getAppContext() -> a
...
com.google.android.gms.games.multiplayer.turnbased.TurnBasedMatchEntity -> com.google.android.gms.games.multiplayer.turnbased.TurnBasedMatchEntity:
    com.google.android.gms.games.multiplayer.turnbased.TurnBasedMatchEntityCreator CREATOR -> CREATOR
    int xM -> b
    com.google.android.gms.games.GameEntity Rt -> c
    java.lang.String Oi -> d
    java.lang.String Ts -> e
    long SU -> f
    java.lang.String TA -> g
    long TB -> h
    java.lang.String TC -> i
    int TD -> j
    int SY -> k
    int TE -> l
    byte[] TF -> m
    java.util.ArrayList SX -> n
    java.lang.String TG -> o
    byte[] TH -> p
    int TI -> q
    android.os.Bundle To -> r
    int TJ -> s
    boolean TK -> t
    java.lang.String Mp -> u
    java.lang.String TL -> v
    int getVersionCode() -> w
    com.google.android.gms.games.Game getGame() -> i_
    java.lang.String getMatchId() -> c
    java.lang.String getCreatorId() -> d
    long getCreationTimestamp() -> e
    java.lang.String getLastUpdaterId() -> j
    long getLastUpdatedTimestamp() -> l
    java.lang.String getPendingParticipantId() -> m
    int getStatus() -> f
    int getTurnStatus() -> g
    java.lang.String getDescription() -> h
    java.lang.String getDescriptionParticipantId() -> v
    int getVariant() -> i
    byte[] getData() -> n
    int getVersion() -> o
    java.lang.String getRematchId() -> p
    byte[] getPreviousMatchData() -> q
    int getMatchNumber() -> r
    android.os.Bundle getAutoMatchCriteria() -> s
com.google.android.gms.games.multiplayer.turnbased.TurnBasedMatchEntityCreator -> com.google.android.gms.games.multiplayer.turnbased.a:
    void a(com.google.android.gms.games.multiplayer.turnbased.TurnBasedMatchEntity,android.os.Parcel,int) -> a
    java.lang.Object[] newArray(int) -> newArray
    java.lang.Object createFromParcel(android.os.Parcel) -> createFromParcel
com.google.android.gms.games.multiplayer.turnbased.TurnBasedMatchRef -> com.google.android.gms.games.multiplayer.turnbased.TurnBasedMatchRef:
    com.google.android.gms.games.Game Ss -> c
    int RG -> d
    com.google.android.gms.games.Game getGame() -> i_
    java.lang.String getMatchId() -> c
    java.lang.String getCreatorId() -> d
    long getCreationTimestamp() -> e
    int getStatus() -> f
    int getTurnStatus() -> g
    java.lang.String getDescription() -> h
    java.lang.String getDescriptionParticipantId() -> v
    int getVariant() -> i
    java.util.ArrayList getParticipants() -> k
    java.lang.String getLastUpdaterId() -> j
    long getLastUpdatedTimestamp() -> l
    java.lang.String getPendingParticipantId() -> m
    byte[] getData() -> n
    int getVersion() -> o
    java.lang.String getRematchId() -> p
    byte[] getPreviousMatchData() -> q
    int getMatchNumber() -> r
    android.os.Bundle getAutoMatchCriteria() -> s
    int getAvailableAutoMatchSlots() -> t
    boolean isLocallyModified() -> u
    com.google.android.gms.games.multiplayer.turnbased.TurnBasedMatch freeze() -> w
    int hashCode() -> hashCode
    boolean equals(java.lang.Object) -> equals
    java.lang.String toString() -> toString
    int describeContents() -> describeContents
    void writeToParcel(android.os.Parcel,int) -> writeToParcel
    java.lang.Object freeze() -> a
com.google.android.gms.games.quest.Milestone -> com.google.android.gms.games.quest.Milestone:
    java.lang.String getMilestoneId() -> j_
    long getCurrentProgress() -> c
    java.lang.String getEventId() -> d
    int getState() -> e
    long getTargetProgress() -> f
    byte[] getCompletionRewardData() -> g